==============================
Microsim Log File
Run Title: output
Date/Time: 2019-11-11 09:00:05
==============================

------------------------------
Parameters used
------------------------------
ann_hours : NULL
base_bene_level : 1
bene_effect : FALSE
bond_elig_adj : 1
bond_uptake : 0.25
clone_factor : 0
dependent_allow : 0
earnings : NULL
elig_rule_logic : (earnings & weeks & ann_hours & minsize)
exclusive_particip : TRUE
ext_base_effect : TRUE
ext_resp_len : FALSE
extend_days : 0
extend_prob : 0
extend_prop : 1
FEDGOV : FALSE
fmla_protect : TRUE
formula_bene_levels : NULL
formula_prop_cuts : NULL
formula_value_cuts : NULL
full_particip_needer : FALSE
illchild_elig_adj : 1
illchild_uptake : 0.25
illparent_elig_adj : 1
illparent_uptake : 0.25
illspouse_elig_adj : 1
illspouse_uptake : 0.25
impute_method : KNN1
intra_impute : TRUE
kval : 3
len_method : mean
LOCALGOV : FALSE
makelog : TRUE
matdis_elig_adj : 1
matdis_uptake : 0.25
maxlen_bond : 60
maxlen_DI : 120
maxlen_illchild : 60
maxlen_illparent : 60
maxlen_illspouse : 60
maxlen_matdis : 60
maxlen_own : 60
maxlen_PFL : 240
maxlen_total : 360
minsize : NULL
output : output
output_stats : NULL
own_elig_adj : 1
own_uptake : 0.25
place_of_work : FALSE
PRIVATE : TRUE
progalt_post_or_pre : post
random_seed : 123
rr_sensitive_leave_len : TRUE
sample_num : NULL
sample_prop : NULL
saveCSV : FALSE
SELFEMP : FALSE
sens_var : resp_len
SMOTE : FALSE
state : 
STATEGOV : FALSE
topoff_minlength : 0
topoff_rate : 0
wait_period : 0
week_bene_cap : 1e+06
week_bene_cap_prop : NULL
week_bene_min : 0
weeks : NULL
weightfactor : 1
xvar_wgts : c(1, 1, 1, 1, 1, 1, 1, 1, 1, 1, 1, 1, 1, 1, 1, 1, 1, 1, 1)
xvars : c("widowed", "divorced", "separated", "nevermarried", "female", "age", "agesq", "ltHS", "someCol", "BA", "GradSch", "black", "other", "asian", "native", "hisp", "nochildren", "faminc", "coveligd")

